<?xml version="1.0" encoding="UTF-8"?>
<testng-results skipped="0" failed="0" total="1" passed="1">
  <reporter-output>
  </reporter-output>
  <suite name="Default suite" duration-ms="33968" started-at="2018-10-15T14:55:16Z" finished-at="2018-10-15T14:55:50Z">
    <groups>
    </groups>
    <test name="Default test" duration-ms="33968" started-at="2018-10-15T14:55:16Z" finished-at="2018-10-15T14:55:50Z">
      <class name="testcases.tc_001">
        <test-method status="PASS" signature="testcase1()[pri:0, instance:testcases.tc_001@1d057a39]" name="testcase1" duration-ms="33947" started-at="2018-10-15T20:25:16Z" finished-at="2018-10-15T20:25:50Z">
          <reporter-output>
          </reporter-output>
        </test-method> <!-- testcase1 -->
      </class> <!-- testcases.tc_001 -->
    </test> <!-- Default test -->
  </suite> <!-- Default suite -->
</testng-results>
